Release 14.7 - xst P.20131013 (lin64)
Copyright (c) 1995-2013 Xilinx, Inc.  All rights reserved.
--> 
Parameter TMPDIR set to xst/projnav.tmp


Total REAL time to Xst completion: 0.00 secs
Total CPU time to Xst completion: 0.05 secs
 
--> 
Parameter xsthdpdir set to xst


Total REAL time to Xst completion: 0.00 secs
Total CPU time to Xst completion: 0.05 secs
 
--> 
Reading design: Sender.prj

TABLE OF CONTENTS
  1) Synthesis Options Summary
  2) HDL Parsing
  3) HDL Elaboration
  4) HDL Synthesis
       4.1) HDL Synthesis Report
  5) Advanced HDL Synthesis
       5.1) Advanced HDL Synthesis Report
  6) Low Level Synthesis
  7) Partition Report
  8) Design Summary
       8.1) Primitive and Black Box Usage
       8.2) Device utilization summary
       8.3) Partition Resource Summary
       8.4) Timing Report
            8.4.1) Clock Information
            8.4.2) Asynchronous Control Signals Information
            8.4.3) Timing Summary
            8.4.4) Timing Details
            8.4.5) Cross Clock Domains Report


=========================================================================
*                      Synthesis Options Summary                        *
=========================================================================
---- Source Parameters
Input File Name                    : "Sender.prj"
Ignore Synthesis Constraint File   : NO

---- Target Parameters
Output File Name                   : "Sender"
Output Format                      : NGC
Target Device                      : xc6slx16-3-csg324

---- Source Options
Top Module Name                    : Sender
Automatic FSM Extraction           : YES
FSM Encoding Algorithm             : Auto
Safe Implementation                : No
FSM Style                          : LUT
RAM Extraction                     : Yes
RAM Style                          : Auto
ROM Extraction                     : Yes
Shift Register Extraction          : YES
ROM Style                          : Auto
Resource Sharing                   : YES
Asynchronous To Synchronous        : NO
Shift Register Minimum Size        : 2
Use DSP Block                      : Auto
Automatic Register Balancing       : No

---- Target Options
LUT Combining                      : Auto
Reduce Control Sets                : Auto
Add IO Buffers                     : YES
Global Maximum Fanout              : 100000
Add Generic Clock Buffer(BUFG)     : 16
Register Duplication               : YES
Optimize Instantiated Primitives   : NO
Use Clock Enable                   : Auto
Use Synchronous Set                : Auto
Use Synchronous Reset              : Auto
Pack IO Registers into IOBs        : Auto
Equivalent register Removal        : YES

---- General Options
Optimization Goal                  : Speed
Optimization Effort                : 1
Power Reduction                    : NO
Keep Hierarchy                     : No
Netlist Hierarchy                  : As_Optimized
RTL Output                         : Yes
Global Optimization                : AllClockNets
Read Cores                         : YES
Write Timing Constraints           : NO
Cross Clock Analysis               : NO
Hierarchy Separator                : /
Bus Delimiter                      : <>
Case Specifier                     : Maintain
Slice Utilization Ratio            : 100
BRAM Utilization Ratio             : 100
DSP48 Utilization Ratio            : 100
Auto BRAM Packing                  : NO
Slice Utilization Ratio Delta      : 5

=========================================================================


=========================================================================
*                          HDL Parsing                                  *
=========================================================================
Analyzing Verilog file "/home/katie/Documents/ECE3700/UART_FPGA/Sender.v" into library work
Parsing module <Sender>.

=========================================================================
*                            HDL Elaboration                            *
=========================================================================

Elaborating module <Sender>.

=========================================================================
*                           HDL Synthesis                               *
=========================================================================

Synthesizing Unit <Sender>.
    Related source file is "/home/katie/Documents/ECE3700/UART_FPGA/Sender.v".
        count_to = 3
    Found 1-bit register for signal <intnl_clk>.
    Found 2-bit register for signal <counter>.
    Found 4-bit register for signal <state>.
    Found finite state machine <FSM_0> for signal <state>.
    -----------------------------------------------------------------------
    | States             | 11                                             |
    | Transitions        | 54                                             |
    | Inputs             | 4                                              |
    | Outputs            | 5                                              |
    | Clock              | clk (rising_edge)                              |
    | Power Up State     | 0000                                           |
    | Encoding           | auto                                           |
    | Implementation     | LUT                                            |
    -----------------------------------------------------------------------
    Found 2-bit adder for signal <counter[1]_GND_1_o_add_5_OUT> created at line 55.
    Found 1-bit 12-to-1 multiplexer for signal <XMT> created at line 64.
    Summary:
	inferred   1 Adder/Subtractor(s).
	inferred   3 D-type flip-flop(s).
	inferred   1 Multiplexer(s).
	inferred   1 Finite State Machine(s).
Unit <Sender> synthesized.

=========================================================================
HDL Synthesis Report

Macro Statistics
# Adders/Subtractors                                   : 1
 2-bit adder                                           : 1
# Registers                                            : 2
 1-bit register                                        : 1
 2-bit register                                        : 1
# Multiplexers                                         : 1
 1-bit 12-to-1 multiplexer                             : 1
# FSMs                                                 : 1

=========================================================================

=========================================================================
*                       Advanced HDL Synthesis                          *
=========================================================================


Synthesizing (advanced) Unit <Sender>.
The following registers are absorbed into counter <counter>: 1 register on signal <counter>.
Unit <Sender> synthesized (advanced).

=========================================================================
Advanced HDL Synthesis Report

Macro Statistics
# Counters                                             : 1
 2-bit up counter                                      : 1
# Registers                                            : 1
 Flip-Flops                                            : 1
# Multiplexers                                         : 1
 1-bit 12-to-1 multiplexer                             : 1
# FSMs                                                 : 1

=========================================================================

=========================================================================
*                         Low Level Synthesis                           *
=========================================================================
Analyzing FSM <MFsm> for best encoding.
Optimizing FSM <FSM_0> on signal <state[1:4]> with user encoding.
-------------------
 State | Encoding
-------------------
 0000  | 0000
 0001  | 0001
 0010  | 0010
 0011  | 0011
 0100  | 0100
 0101  | 0101
 0110  | 0110
 0111  | 0111
 1000  | 1000
 1001  | 1001
 1010  | 1010
-------------------

Optimizing unit <Sender> ...

Mapping all equations...
Building and optimizing final netlist ...
Found area constraint ratio of 100 (+ 5) on block Sender, actual ratio is 0.

Final Macro Processing ...

=========================================================================
Final Register Report

Macro Statistics
# Registers                                            : 7
 Flip-Flops                                            : 7

=========================================================================

=========================================================================
*                           Partition Report                            *
=========================================================================

Partition Implementation Status
-------------------------------

  No Partitions were found in this design.

-------------------------------

=========================================================================
*                            Design Summary                             *
=========================================================================

Top Level Output File Name         : Sender.ngc

Primitive and Black Box Usage:
------------------------------
# BELS                             : 17
#      INV                         : 1
#      LUT2                        : 2
#      LUT3                        : 1
#      LUT4                        : 3
#      LUT5                        : 4
#      LUT6                        : 5
#      MUXF7                       : 1
# FlipFlops/Latches                : 7
#      FD                          : 7
# Clock Buffers                    : 1
#      BUFGP                       : 1
# IO Buffers                       : 12
#      IBUF                        : 10
#      OBUF                        : 2

Device utilization summary:
---------------------------

Selected Device : 6slx16csg324-3 


Slice Logic Utilization: 
 Number of Slice Registers:               7  out of  18224     0%  
 Number of Slice LUTs:                   16  out of   9112     0%  
    Number used as Logic:                16  out of   9112     0%  

Slice Logic Distribution: 
 Number of LUT Flip Flop pairs used:     16
   Number with an unused Flip Flop:       9  out of     16    56%  
   Number with an unused LUT:             0  out of     16     0%  
   Number of fully used LUT-FF pairs:     7  out of     16    43%  
   Number of unique control sets:         1

IO Utilization: 
 Number of IOs:                          13
 Number of bonded IOBs:                  13  out of    232     5%  

Specific Feature Utilization:
 Number of BUFG/BUFGCTRLs:                1  out of     16     6%  

---------------------------
Partition Resource Summary:
---------------------------

  No Partitions were found in this design.

---------------------------


=========================================================================
Timing Report

NOTE: THESE TIMING NUMBERS ARE ONLY A SYNTHESIS ESTIMATE.
      FOR ACCURATE TIMING INFORMATION PLEASE REFER TO THE TRACE REPORT
      GENERATED AFTER PLACE-and-ROUTE.

Clock Information:
------------------
-----------------------------------+------------------------+-------+
Clock Signal                       | Clock buffer(FF name)  | Load  |
-----------------------------------+------------------------+-------+
clk                                | BUFGP                  | 7     |
-----------------------------------+------------------------+-------+

Asynchronous Control Signals Information:
----------------------------------------
No asynchronous control signals found in this design

Timing Summary:
---------------
Speed Grade: -3

   Minimum period: 2.557ns (Maximum Frequency: 391.007MHz)
   Minimum input arrival time before clock: 3.307ns
   Maximum output required time after clock: 6.019ns
   Maximum combinational path delay: 6.474ns

Timing Details:
---------------
All values displayed in nanoseconds (ns)

=========================================================================
Timing constraint: Default period analysis for Clock 'clk'
  Clock period: 2.557ns (frequency: 391.007MHz)
  Total number of paths / destination ports: 35 / 7
-------------------------------------------------------------------------
Delay:               2.557ns (Levels of Logic = 2)
  Source:            state_FSM_FFd4 (FF)
  Destination:       state_FSM_FFd4 (FF)
  Source Clock:      clk rising
  Destination Clock: clk rising

  Data Path: state_FSM_FFd4 to state_FSM_FFd4
                                Gate     Net
    Cell:in->out      fanout   Delay   Delay  Logical Name (Net Name)
    ----------------------------------------  ------------
     FD:C->Q               7   0.447   1.021  state_FSM_FFd4 (state_FSM_FFd4)
     LUT5:I1->O            1   0.203   0.580  state_FSM_FFd4-In_SW0 (N01)
     LUT6:I5->O            1   0.205   0.000  state_FSM_FFd4-In (state_FSM_FFd4-In)
     FD:D                      0.102          state_FSM_FFd4
    ----------------------------------------
    Total                      2.557ns (0.957ns logic, 1.600ns route)
                                       (37.4% logic, 62.6% route)

=========================================================================
Timing constraint: Default OFFSET IN BEFORE for Clock 'clk'
  Total number of paths / destination ports: 7 / 5
-------------------------------------------------------------------------
Offset:              3.307ns (Levels of Logic = 3)
  Source:            XMT_REQ (PAD)
  Destination:       state_FSM_FFd4 (FF)
  Destination Clock: clk rising

  Data Path: XMT_REQ to state_FSM_FFd4
                                Gate     Net
    Cell:in->out      fanout   Delay   Delay  Logical Name (Net Name)
    ----------------------------------------  ------------
     IBUF:I->O             3   1.222   0.995  XMT_REQ_IBUF (XMT_REQ_IBUF)
     LUT5:I0->O            1   0.203   0.580  state_FSM_FFd4-In_SW0 (N01)
     LUT6:I5->O            1   0.205   0.000  state_FSM_FFd4-In (state_FSM_FFd4-In)
     FD:D                      0.102          state_FSM_FFd4
    ----------------------------------------
    Total                      3.307ns (1.732ns logic, 1.575ns route)
                                       (52.4% logic, 47.6% route)

=========================================================================
Timing constraint: Default OFFSET OUT AFTER for Clock 'clk'
  Total number of paths / destination ports: 16 / 2
-------------------------------------------------------------------------
Offset:              6.019ns (Levels of Logic = 4)
  Source:            state_FSM_FFd3 (FF)
  Destination:       XMT (PAD)
  Source Clock:      clk rising

  Data Path: state_FSM_FFd3 to XMT
                                Gate     Net
    Cell:in->out      fanout   Delay   Delay  Logical Name (Net Name)
    ----------------------------------------  ------------
     FD:C->Q              10   0.447   1.201  state_FSM_FFd3 (state_FSM_FFd3)
     LUT5:I0->O            1   0.203   0.684  Mmux_XMT23 (Mmux_XMT22)
     LUT6:I4->O            1   0.203   0.000  Mmux_XMT26_F (N4)
     MUXF7:I0->O           1   0.131   0.579  Mmux_XMT26 (XMT_OBUF)
     OBUF:I->O                 2.571          XMT_OBUF (XMT)
    ----------------------------------------
    Total                      6.019ns (3.555ns logic, 2.464ns route)
                                       (59.1% logic, 40.9% route)

=========================================================================
Timing constraint: Default path analysis
  Total number of paths / destination ports: 9 / 1
-------------------------------------------------------------------------
Delay:               6.474ns (Levels of Logic = 5)
  Source:            XMT_REQ (PAD)
  Destination:       XMT (PAD)

  Data Path: XMT_REQ to XMT
                                Gate     Net
    Cell:in->out      fanout   Delay   Delay  Logical Name (Net Name)
    ----------------------------------------  ------------
     IBUF:I->O             3   1.222   0.879  XMT_REQ_IBUF (XMT_REQ_IBUF)
     LUT5:I2->O            1   0.205   0.684  Mmux_XMT23 (Mmux_XMT22)
     LUT6:I4->O            1   0.203   0.000  Mmux_XMT26_F (N4)
     MUXF7:I0->O           1   0.131   0.579  Mmux_XMT26 (XMT_OBUF)
     OBUF:I->O                 2.571          XMT_OBUF (XMT)
    ----------------------------------------
    Total                      6.474ns (4.332ns logic, 2.142ns route)
                                       (66.9% logic, 33.1% route)

=========================================================================

Cross Clock Domains Report:
--------------------------

Clock to Setup on destination clock clk
---------------+---------+---------+---------+---------+
               | Src:Rise| Src:Fall| Src:Rise| Src:Fall|
Source Clock   |Dest:Rise|Dest:Rise|Dest:Fall|Dest:Fall|
---------------+---------+---------+---------+---------+
clk            |    2.557|         |         |         |
---------------+---------+---------+---------+---------+

=========================================================================


Total REAL time to Xst completion: 6.00 secs
Total CPU time to Xst completion: 5.69 secs
 
--> 


Total memory usage is 386836 kilobytes

Number of errors   :    0 (   0 filtered)
Number of warnings :    0 (   0 filtered)
Number of infos    :    0 (   0 filtered)

