Command line:
   clock_divider_isim_beh.exe
     -simmode  gui
     -simrunnum  3
     -socket  56504

Tue Apr 18 15:27:41 2017


 Elaboration Time: 0.02 sec

 Current Memory Usage: 196.239 Meg

 Total Signals          : 14
 Total Nets             : 15
 Total Signal Drivers   : 6
 Total Blocks           : 2
 Total Primitive Blocks : 2
 Total Processes        : 8
 Total Traceable Variables  : 20
 Total Scalar Nets and Variables : 106
Total Line Count : 21
Total Line Count : 21

 Total Simulation Time: 0.03 sec

 Current Memory Usage: 271.741 Meg

Tue Apr 18 15:29:34 2017

